<?xml version="1.0" encoding="UTF-8"?>
<coverage generated="1636048576840" clover="3.2.0">
  <project timestamp="1636048576840" name="All files">
    <metrics statements="31" coveredstatements="26" conditionals="38" coveredconditionals="29" methods="14" coveredmethods="10" elements="83" coveredelements="65" complexity="0" loc="31" ncloc="31" packages="2" files="2" classes="2"/>
    <package name="is-valid">
      <metrics statements="14" coveredstatements="9" conditionals="24" coveredconditionals="15" methods="9" coveredmethods="5"/>
      <file name="IsValid.js" path="C:\Users\belau\Documents\_31-grupe_\31-grupe-portfolio\js\components\is-valid\IsValid.js">
        <metrics statements="14" coveredstatements="9" conditionals="24" coveredconditionals="15" methods="9" coveredmethods="5"/>
        <line num="3" count="25" type="cond" truecount="2" falsecount="0"/>
        <line num="7" count="15" type="cond" truecount="2" falsecount="0"/>
        <line num="11" count="10" type="stmt"/>
        <line num="15" count="0" type="cond" truecount="0" falsecount="2"/>
        <line num="19" count="0" type="cond" truecount="0" falsecount="2"/>
        <line num="23" count="0" type="cond" truecount="0" falsecount="2"/>
        <line num="27" count="0" type="cond" truecount="0" falsecount="2"/>
        <line num="31" count="26" type="cond" truecount="3" falsecount="0"/>
        <line num="35" count="10" type="cond" truecount="3" falsecount="1"/>
        <line num="36" count="0" type="stmt"/>
        <line num="38" count="10" type="cond" truecount="4" falsecount="0"/>
        <line num="39" count="7" type="stmt"/>
        <line num="41" count="3" type="stmt"/>
        <line num="45" count="1" type="stmt"/>
      </file>
    </package>
    <package name="services">
      <metrics statements="17" coveredstatements="17" conditionals="14" coveredconditionals="14" methods="5" coveredmethods="5"/>
      <file name="Services.js" path="C:\Users\belau\Documents\_31-grupe_\31-grupe-portfolio\js\components\services\Services.js">
        <metrics statements="17" coveredstatements="17" conditionals="14" coveredconditionals="14" methods="5" coveredmethods="5"/>
        <line num="5" count="16" type="stmt"/>
        <line num="6" count="16" type="stmt"/>
        <line num="8" count="16" type="stmt"/>
        <line num="12" count="16" type="cond" truecount="2" falsecount="0"/>
        <line num="17" count="4" type="stmt"/>
        <line num="20" count="12" type="stmt"/>
        <line num="24" count="14" type="stmt"/>
        <line num="25" count="14" type="stmt"/>
        <line num="29" count="16" type="stmt"/>
        <line num="39" count="12" type="stmt"/>
        <line num="41" count="12" type="stmt"/>
        <line num="42" count="16" type="cond" truecount="2" falsecount="0"/>
        <line num="43" count="1" type="stmt"/>
        <line num="51" count="12" type="cond" truecount="2" falsecount="0"/>
        <line num="52" count="11" type="stmt"/>
        <line num="55" count="1" type="stmt"/>
        <line num="56" count="1" type="stmt"/>
      </file>
    </package>
  </project>
</coverage>
