{"C:\\Users\\belau\\Documents\\_31-grupe_\\31-grupe-portfolio\\js\\components\\services\\Services.js": {"path":"C:\\Users\\belau\\Documents\\_31-grupe_\\31-grupe-portfolio\\js\\components\\services\\Services.js","statementMap":{"0":{"start":{"line":3,"column":8},"end":{"line":3,"column":33}},"1":{"start":{"line":4,"column":8},"end":{"line":4,"column":25}},"2":{"start":{"line":6,"column":8},"end":{"line":6,"column":24}},"3":{"start":{"line":13,"column":8},"end":{"line":19,"column":9}},"4":{"start":{"line":18,"column":12},"end":{"line":18,"column":25}},"5":{"start":{"line":21,"column":8},"end":{"line":21,"column":29}},"6":{"start":{"line":25,"column":8},"end":{"line":27,"column":9}},"7":{"start":{"line":26,"column":12},"end":{"line":26,"column":25}},"8":{"start":{"line":28,"column":8},"end":{"line":28,"column":20}},"9":{"start":{"line":32,"column":8},"end":{"line":34,"column":9}},"10":{"start":{"line":33,"column":12},"end":{"line":33,"column":25}},"11":{"start":{"line":35,"column":8},"end":{"line":35,"column":20}},"12":{"start":{"line":39,"column":8},"end":{"line":39,"column":57}},"13":{"start":{"line":40,"column":8},"end":{"line":40,"column":26}},"14":{"start":{"line":44,"column":8},"end":{"line":57,"column":9}},"15":{"start":{"line":56,"column":12},"end":{"line":56,"column":25}},"16":{"start":{"line":58,"column":8},"end":{"line":58,"column":20}},"17":{"start":{"line":62,"column":19},"end":{"line":62,"column":21}},"18":{"start":{"line":64,"column":8},"end":{"line":72,"column":9}},"19":{"start":{"line":65,"column":12},"end":{"line":71,"column":13}},"20":{"start":{"line":66,"column":16},"end":{"line":70,"column":32}},"21":{"start":{"line":74,"column":8},"end":{"line":76,"column":9}},"22":{"start":{"line":75,"column":12},"end":{"line":75,"column":25}},"23":{"start":{"line":78,"column":8},"end":{"line":78,"column":34}},"24":{"start":{"line":79,"column":8},"end":{"line":79,"column":20}}},"fnMap":{"0":{"name":"(anonymous_0)","decl":{"start":{"line":2,"column":4},"end":{"line":2,"column":5}},"loc":{"start":{"line":2,"column":32},"end":{"line":7,"column":5}},"line":2},"1":{"name":"(anonymous_1)","decl":{"start":{"line":9,"column":4},"end":{"line":9,"column":5}},"loc":{"start":{"line":9,"column":11},"end":{"line":22,"column":5}},"line":9},"2":{"name":"(anonymous_2)","decl":{"start":{"line":24,"column":4},"end":{"line":24,"column":5}},"loc":{"start":{"line":24,"column":22},"end":{"line":29,"column":5}},"line":24},"3":{"name":"(anonymous_3)","decl":{"start":{"line":31,"column":4},"end":{"line":31,"column":5}},"loc":{"start":{"line":31,"column":18},"end":{"line":36,"column":5}},"line":31},"4":{"name":"(anonymous_4)","decl":{"start":{"line":38,"column":4},"end":{"line":38,"column":5}},"loc":{"start":{"line":38,"column":27},"end":{"line":41,"column":5}},"line":38},"5":{"name":"(anonymous_5)","decl":{"start":{"line":43,"column":4},"end":{"line":43,"column":5}},"loc":{"start":{"line":43,"column":28},"end":{"line":59,"column":5}},"line":43},"6":{"name":"(anonymous_6)","decl":{"start":{"line":61,"column":4},"end":{"line":61,"column":5}},"loc":{"start":{"line":61,"column":13},"end":{"line":80,"column":5}},"line":61}},"branchMap":{"0":{"loc":{"start":{"line":13,"column":8},"end":{"line":19,"column":9}},"type":"if","locations":[{"start":{"line":13,"column":8},"end":{"line":19,"column":9}},{"start":{},"end":{}}],"line":13},"1":{"loc":{"start":{"line":14,"column":12},"end":{"line":16,"column":40}},"type":"binary-expr","locations":[{"start":{"line":14,"column":12},"end":{"line":14,"column":35}},{"start":{"line":15,"column":12},"end":{"line":15,"column":31}},{"start":{"line":16,"column":12},"end":{"line":16,"column":40}}],"line":14},"2":{"loc":{"start":{"line":25,"column":8},"end":{"line":27,"column":9}},"type":"if","locations":[{"start":{"line":25,"column":8},"end":{"line":27,"column":9}},{"start":{},"end":{}}],"line":25},"3":{"loc":{"start":{"line":25,"column":12},"end":{"line":25,"column":69}},"type":"binary-expr","locations":[{"start":{"line":25,"column":12},"end":{"line":25,"column":45}},{"start":{"line":25,"column":49},"end":{"line":25,"column":69}}],"line":25},"4":{"loc":{"start":{"line":32,"column":8},"end":{"line":34,"column":9}},"type":"if","locations":[{"start":{"line":32,"column":8},"end":{"line":34,"column":9}},{"start":{},"end":{}}],"line":32},"5":{"loc":{"start":{"line":32,"column":12},"end":{"line":32,"column":63}},"type":"binary-expr","locations":[{"start":{"line":32,"column":12},"end":{"line":32,"column":37}},{"start":{"line":32,"column":41},"end":{"line":32,"column":63}}],"line":32},"6":{"loc":{"start":{"line":44,"column":8},"end":{"line":57,"column":9}},"type":"if","locations":[{"start":{"line":44,"column":8},"end":{"line":57,"column":9}},{"start":{},"end":{}}],"line":44},"7":{"loc":{"start":{"line":45,"column":12},"end":{"line":54,"column":38}},"type":"binary-expr","locations":[{"start":{"line":45,"column":12},"end":{"line":45,"column":39}},{"start":{"line":46,"column":12},"end":{"line":46,"column":28}},{"start":{"line":47,"column":12},"end":{"line":47,"column":34}},{"start":{"line":48,"column":12},"end":{"line":48,"column":45}},{"start":{"line":49,"column":12},"end":{"line":49,"column":44}},{"start":{"line":50,"column":12},"end":{"line":50,"column":31}},{"start":{"line":51,"column":12},"end":{"line":51,"column":45}},{"start":{"line":52,"column":12},"end":{"line":52,"column":32}},{"start":{"line":53,"column":12},"end":{"line":53,"column":51}},{"start":{"line":54,"column":12},"end":{"line":54,"column":38}}],"line":45},"8":{"loc":{"start":{"line":65,"column":12},"end":{"line":71,"column":13}},"type":"if","locations":[{"start":{"line":65,"column":12},"end":{"line":71,"column":13}},{"start":{},"end":{}}],"line":65},"9":{"loc":{"start":{"line":74,"column":8},"end":{"line":76,"column":9}},"type":"if","locations":[{"start":{"line":74,"column":8},"end":{"line":76,"column":9}},{"start":{},"end":{}}],"line":74}},"s":{"0":16,"1":16,"2":16,"3":16,"4":4,"5":12,"6":16,"7":1,"8":15,"9":15,"10":1,"11":14,"12":14,"13":14,"14":16,"15":15,"16":1,"17":12,"18":12,"19":16,"20":1,"21":12,"22":11,"23":1,"24":1},"f":{"0":16,"1":16,"2":16,"3":15,"4":14,"5":16,"6":12},"b":{"0":[4,12],"1":[16,15,14],"2":[1,15],"3":[16,15],"4":[1,14],"5":[15,14],"6":[15,1],"7":[16,12,11,10,3,3,3,3,3,2],"8":[1,15],"9":[11,1]},"_coverageSchema":"1a1c01bbd47fc00a2c39e90264f33305004495a9","hash":"b738fdddded0d23200eb39fbf0806996c5edc888"}
}
