{"C:\\Users\\belau\\Documents\\_31-grupe_\\31-grupe-portfolio\\js\\components\\is-valid\\IsValid.js": {"path":"C:\\Users\\belau\\Documents\\_31-grupe_\\31-grupe-portfolio\\js\\components\\is-valid\\IsValid.js","statementMap":{"0":{"start":{"line":3,"column":8},"end":{"line":3,"column":55}},"1":{"start":{"line":7,"column":8},"end":{"line":7,"column":54}},"2":{"start":{"line":11,"column":8},"end":{"line":11,"column":37}},"3":{"start":{"line":15,"column":8},"end":{"line":15,"column":49}},"4":{"start":{"line":19,"column":8},"end":{"line":19,"column":49}},"5":{"start":{"line":23,"column":8},"end":{"line":23,"column":50}},"6":{"start":{"line":27,"column":8},"end":{"line":27,"column":50}},"7":{"start":{"line":31,"column":8},"end":{"line":31,"column":78}},"8":{"start":{"line":35,"column":8},"end":{"line":37,"column":9}},"9":{"start":{"line":36,"column":12},"end":{"line":36,"column":25}},"10":{"start":{"line":38,"column":8},"end":{"line":40,"column":9}},"11":{"start":{"line":39,"column":12},"end":{"line":39,"column":25}},"12":{"start":{"line":41,"column":8},"end":{"line":41,"column":20}},"13":{"start":{"line":45,"column":0},"end":{"line":45,"column":29}}},"fnMap":{"0":{"name":"(anonymous_0)","decl":{"start":{"line":2,"column":4},"end":{"line":2,"column":5}},"loc":{"start":{"line":2,"column":32},"end":{"line":4,"column":5}},"line":2},"1":{"name":"(anonymous_1)","decl":{"start":{"line":6,"column":4},"end":{"line":6,"column":5}},"loc":{"start":{"line":6,"column":31},"end":{"line":8,"column":5}},"line":6},"2":{"name":"(anonymous_2)","decl":{"start":{"line":10,"column":4},"end":{"line":10,"column":5}},"loc":{"start":{"line":10,"column":26},"end":{"line":12,"column":5}},"line":10},"3":{"name":"(anonymous_3)","decl":{"start":{"line":14,"column":4},"end":{"line":14,"column":5}},"loc":{"start":{"line":14,"column":34},"end":{"line":16,"column":5}},"line":14},"4":{"name":"(anonymous_4)","decl":{"start":{"line":18,"column":4},"end":{"line":18,"column":5}},"loc":{"start":{"line":18,"column":34},"end":{"line":20,"column":5}},"line":18},"5":{"name":"(anonymous_5)","decl":{"start":{"line":22,"column":4},"end":{"line":22,"column":5}},"loc":{"start":{"line":22,"column":37},"end":{"line":24,"column":5}},"line":22},"6":{"name":"(anonymous_6)","decl":{"start":{"line":26,"column":4},"end":{"line":26,"column":5}},"loc":{"start":{"line":26,"column":37},"end":{"line":28,"column":5}},"line":26},"7":{"name":"(anonymous_7)","decl":{"start":{"line":30,"column":4},"end":{"line":30,"column":5}},"loc":{"start":{"line":30,"column":27},"end":{"line":32,"column":5}},"line":30},"8":{"name":"(anonymous_8)","decl":{"start":{"line":34,"column":4},"end":{"line":34,"column":5}},"loc":{"start":{"line":34,"column":48},"end":{"line":42,"column":5}},"line":34}},"branchMap":{"0":{"loc":{"start":{"line":3,"column":15},"end":{"line":3,"column":54}},"type":"binary-expr","locations":[{"start":{"line":3,"column":15},"end":{"line":3,"column":39}},{"start":{"line":3,"column":43},"end":{"line":3,"column":54}}],"line":3},"1":{"loc":{"start":{"line":7,"column":15},"end":{"line":7,"column":53}},"type":"binary-expr","locations":[{"start":{"line":7,"column":15},"end":{"line":7,"column":34}},{"start":{"line":7,"column":38},"end":{"line":7,"column":53}}],"line":7},"2":{"loc":{"start":{"line":15,"column":15},"end":{"line":15,"column":48}},"type":"binary-expr","locations":[{"start":{"line":15,"column":15},"end":{"line":15,"column":37}},{"start":{"line":15,"column":41},"end":{"line":15,"column":48}}],"line":15},"3":{"loc":{"start":{"line":19,"column":15},"end":{"line":19,"column":48}},"type":"binary-expr","locations":[{"start":{"line":19,"column":15},"end":{"line":19,"column":37}},{"start":{"line":19,"column":41},"end":{"line":19,"column":48}}],"line":19},"4":{"loc":{"start":{"line":23,"column":15},"end":{"line":23,"column":49}},"type":"binary-expr","locations":[{"start":{"line":23,"column":15},"end":{"line":23,"column":37}},{"start":{"line":23,"column":41},"end":{"line":23,"column":49}}],"line":23},"5":{"loc":{"start":{"line":27,"column":15},"end":{"line":27,"column":49}},"type":"binary-expr","locations":[{"start":{"line":27,"column":15},"end":{"line":27,"column":37}},{"start":{"line":27,"column":41},"end":{"line":27,"column":49}}],"line":27},"6":{"loc":{"start":{"line":31,"column":15},"end":{"line":31,"column":77}},"type":"binary-expr","locations":[{"start":{"line":31,"column":15},"end":{"line":31,"column":38}},{"start":{"line":31,"column":42},"end":{"line":31,"column":54}},{"start":{"line":31,"column":58},"end":{"line":31,"column":77}}],"line":31},"7":{"loc":{"start":{"line":34,"column":37},"end":{"line":34,"column":46}},"type":"default-arg","locations":[{"start":{"line":34,"column":43},"end":{"line":34,"column":46}}],"line":34},"8":{"loc":{"start":{"line":35,"column":8},"end":{"line":37,"column":9}},"type":"if","locations":[{"start":{"line":35,"column":8},"end":{"line":37,"column":9}},{"start":{},"end":{}}],"line":35},"9":{"loc":{"start":{"line":35,"column":12},"end":{"line":35,"column":63}},"type":"binary-expr","locations":[{"start":{"line":35,"column":12},"end":{"line":35,"column":36}},{"start":{"line":35,"column":40},"end":{"line":35,"column":63}}],"line":35},"10":{"loc":{"start":{"line":38,"column":8},"end":{"line":40,"column":9}},"type":"if","locations":[{"start":{"line":38,"column":8},"end":{"line":40,"column":9}},{"start":{},"end":{}}],"line":38},"11":{"loc":{"start":{"line":38,"column":12},"end":{"line":38,"column":74}},"type":"binary-expr","locations":[{"start":{"line":38,"column":12},"end":{"line":38,"column":41}},{"start":{"line":38,"column":45},"end":{"line":38,"column":74}}],"line":38}},"s":{"0":25,"1":15,"2":10,"3":0,"4":0,"5":0,"6":0,"7":26,"8":10,"9":0,"10":10,"11":7,"12":3,"13":1},"f":{"0":25,"1":15,"2":10,"3":0,"4":0,"5":0,"6":0,"7":26,"8":10},"b":{"0":[25,23],"1":[15,14],"2":[0,0],"3":[0,0],"4":[0,0],"5":[0,0],"6":[26,22,21],"7":[10],"8":[0,10],"9":[10,10],"10":[7,3],"11":[10,5]},"_coverageSchema":"1a1c01bbd47fc00a2c39e90264f33305004495a9","hash":"b3cfdfbfbc5bfc56bff5d0045664ea825ca14dcb"}
,"C:\\Users\\belau\\Documents\\_31-grupe_\\31-grupe-portfolio\\js\\components\\services\\Services.js": {"path":"C:\\Users\\belau\\Documents\\_31-grupe_\\31-grupe-portfolio\\js\\components\\services\\Services.js","statementMap":{"0":{"start":{"line":5,"column":8},"end":{"line":5,"column":33}},"1":{"start":{"line":6,"column":8},"end":{"line":6,"column":25}},"2":{"start":{"line":8,"column":8},"end":{"line":8,"column":24}},"3":{"start":{"line":12,"column":8},"end":{"line":18,"column":9}},"4":{"start":{"line":17,"column":12},"end":{"line":17,"column":25}},"5":{"start":{"line":20,"column":8},"end":{"line":20,"column":29}},"6":{"start":{"line":24,"column":8},"end":{"line":24,"column":57}},"7":{"start":{"line":25,"column":8},"end":{"line":25,"column":26}},"8":{"start":{"line":29,"column":8},"end":{"line":35,"column":10}},"9":{"start":{"line":39,"column":19},"end":{"line":39,"column":21}},"10":{"start":{"line":41,"column":8},"end":{"line":49,"column":9}},"11":{"start":{"line":42,"column":12},"end":{"line":48,"column":13}},"12":{"start":{"line":43,"column":16},"end":{"line":47,"column":32}},"13":{"start":{"line":51,"column":8},"end":{"line":53,"column":9}},"14":{"start":{"line":52,"column":12},"end":{"line":52,"column":25}},"15":{"start":{"line":55,"column":8},"end":{"line":55,"column":34}},"16":{"start":{"line":56,"column":8},"end":{"line":56,"column":20}}},"fnMap":{"0":{"name":"(anonymous_0)","decl":{"start":{"line":4,"column":4},"end":{"line":4,"column":5}},"loc":{"start":{"line":4,"column":32},"end":{"line":9,"column":5}},"line":4},"1":{"name":"(anonymous_1)","decl":{"start":{"line":11,"column":4},"end":{"line":11,"column":5}},"loc":{"start":{"line":11,"column":11},"end":{"line":21,"column":5}},"line":11},"2":{"name":"(anonymous_2)","decl":{"start":{"line":23,"column":4},"end":{"line":23,"column":5}},"loc":{"start":{"line":23,"column":27},"end":{"line":26,"column":5}},"line":23},"3":{"name":"(anonymous_3)","decl":{"start":{"line":28,"column":4},"end":{"line":28,"column":5}},"loc":{"start":{"line":28,"column":28},"end":{"line":36,"column":5}},"line":28},"4":{"name":"(anonymous_4)","decl":{"start":{"line":38,"column":4},"end":{"line":38,"column":5}},"loc":{"start":{"line":38,"column":13},"end":{"line":57,"column":5}},"line":38}},"branchMap":{"0":{"loc":{"start":{"line":12,"column":8},"end":{"line":18,"column":9}},"type":"if","locations":[{"start":{"line":12,"column":8},"end":{"line":18,"column":9}},{"start":{},"end":{}}],"line":12},"1":{"loc":{"start":{"line":13,"column":12},"end":{"line":15,"column":40}},"type":"binary-expr","locations":[{"start":{"line":13,"column":12},"end":{"line":13,"column":50}},{"start":{"line":14,"column":12},"end":{"line":14,"column":45}},{"start":{"line":15,"column":12},"end":{"line":15,"column":40}}],"line":13},"2":{"loc":{"start":{"line":30,"column":12},"end":{"line":34,"column":55}},"type":"binary-expr","locations":[{"start":{"line":30,"column":12},"end":{"line":30,"column":39}},{"start":{"line":31,"column":12},"end":{"line":31,"column":47}},{"start":{"line":32,"column":12},"end":{"line":32,"column":48}},{"start":{"line":33,"column":12},"end":{"line":33,"column":49}},{"start":{"line":34,"column":12},"end":{"line":34,"column":55}}],"line":30},"3":{"loc":{"start":{"line":42,"column":12},"end":{"line":48,"column":13}},"type":"if","locations":[{"start":{"line":42,"column":12},"end":{"line":48,"column":13}},{"start":{},"end":{}}],"line":42},"4":{"loc":{"start":{"line":51,"column":8},"end":{"line":53,"column":9}},"type":"if","locations":[{"start":{"line":51,"column":8},"end":{"line":53,"column":9}},{"start":{},"end":{}}],"line":51}},"s":{"0":16,"1":16,"2":16,"3":16,"4":4,"5":12,"6":14,"7":14,"8":16,"9":12,"10":12,"11":16,"12":1,"13":12,"14":11,"15":1,"16":1},"f":{"0":16,"1":16,"2":14,"3":16,"4":12},"b":{"0":[4,12],"1":[16,15,14],"2":[16,10,3,3,3],"3":[1,15],"4":[11,1]},"_coverageSchema":"1a1c01bbd47fc00a2c39e90264f33305004495a9","hash":"5300291f17efa2cc4b064b1a49d86d3e7759ec6c"}
}
