TN:
SF:js\components\services\Services.js
FN:2,(anonymous_0)
FN:9,(anonymous_1)
FN:24,(anonymous_2)
FN:31,(anonymous_3)
FN:38,(anonymous_4)
FN:43,(anonymous_5)
FN:61,(anonymous_6)
FNF:7
FNH:7
FNDA:16,(anonymous_0)
FNDA:16,(anonymous_1)
FNDA:16,(anonymous_2)
FNDA:15,(anonymous_3)
FNDA:14,(anonymous_4)
FNDA:16,(anonymous_5)
FNDA:12,(anonymous_6)
DA:3,16
DA:4,16
DA:6,16
DA:13,16
DA:18,4
DA:21,12
DA:25,16
DA:26,1
DA:28,15
DA:32,15
DA:33,1
DA:35,14
DA:39,14
DA:40,14
DA:44,16
DA:56,15
DA:58,1
DA:62,12
DA:64,12
DA:65,16
DA:66,1
DA:74,12
DA:75,11
DA:78,1
DA:79,1
LF:25
LH:25
BRDA:13,0,0,4
BRDA:13,0,1,12
BRDA:14,1,0,16
BRDA:14,1,1,15
BRDA:14,1,2,14
BRDA:25,2,0,1
BRDA:25,2,1,15
BRDA:25,3,0,16
BRDA:25,3,1,15
BRDA:32,4,0,1
BRDA:32,4,1,14
BRDA:32,5,0,15
BRDA:32,5,1,14
BRDA:44,6,0,15
BRDA:44,6,1,1
BRDA:45,7,0,16
BRDA:45,7,1,12
BRDA:45,7,2,11
BRDA:45,7,3,10
BRDA:45,7,4,3
BRDA:45,7,5,3
BRDA:45,7,6,3
BRDA:45,7,7,3
BRDA:45,7,8,3
BRDA:45,7,9,2
BRDA:65,8,0,1
BRDA:65,8,1,15
BRDA:74,9,0,11
BRDA:74,9,1,1
BRF:29
BRH:29
end_of_record
