TN:
SF:js\components\is-valid\IsValid.js
FN:2,(anonymous_0)
FN:6,(anonymous_1)
FN:10,(anonymous_2)
FN:14,(anonymous_3)
FN:18,(anonymous_4)
FN:22,(anonymous_5)
FN:26,(anonymous_6)
FN:30,(anonymous_7)
FN:34,(anonymous_8)
FNF:9
FNH:5
FNDA:25,(anonymous_0)
FNDA:15,(anonymous_1)
FNDA:10,(anonymous_2)
FNDA:0,(anonymous_3)
FNDA:0,(anonymous_4)
FNDA:0,(anonymous_5)
FNDA:0,(anonymous_6)
FNDA:26,(anonymous_7)
FNDA:10,(anonymous_8)
DA:3,25
DA:7,15
DA:11,10
DA:15,0
DA:19,0
DA:23,0
DA:27,0
DA:31,26
DA:35,10
DA:36,0
DA:38,10
DA:39,7
DA:41,3
DA:45,1
LF:14
LH:9
BRDA:3,0,0,25
BRDA:3,0,1,23
BRDA:7,1,0,15
BRDA:7,1,1,14
BRDA:15,2,0,0
BRDA:15,2,1,0
BRDA:19,3,0,0
BRDA:19,3,1,0
BRDA:23,4,0,0
BRDA:23,4,1,0
BRDA:27,5,0,0
BRDA:27,5,1,0
BRDA:31,6,0,26
BRDA:31,6,1,22
BRDA:31,6,2,21
BRDA:34,7,0,10
BRDA:35,8,0,0
BRDA:35,8,1,10
BRDA:35,9,0,10
BRDA:35,9,1,10
BRDA:38,10,0,7
BRDA:38,10,1,3
BRDA:38,11,0,10
BRDA:38,11,1,5
BRF:24
BRH:15
end_of_record
TN:
SF:js\components\services\Services.js
FN:4,(anonymous_0)
FN:11,(anonymous_1)
FN:23,(anonymous_2)
FN:28,(anonymous_3)
FN:38,(anonymous_4)
FNF:5
FNH:5
FNDA:16,(anonymous_0)
FNDA:16,(anonymous_1)
FNDA:14,(anonymous_2)
FNDA:16,(anonymous_3)
FNDA:12,(anonymous_4)
DA:5,16
DA:6,16
DA:8,16
DA:12,16
DA:17,4
DA:20,12
DA:24,14
DA:25,14
DA:29,16
DA:39,12
DA:41,12
DA:42,16
DA:43,1
DA:51,12
DA:52,11
DA:55,1
DA:56,1
LF:17
LH:17
BRDA:12,0,0,4
BRDA:12,0,1,12
BRDA:13,1,0,16
BRDA:13,1,1,15
BRDA:13,1,2,14
BRDA:30,2,0,16
BRDA:30,2,1,10
BRDA:30,2,2,3
BRDA:30,2,3,3
BRDA:30,2,4,3
BRDA:42,3,0,1
BRDA:42,3,1,15
BRDA:51,4,0,11
BRDA:51,4,1,1
BRF:14
BRH:14
end_of_record
